<?xml version="1.0" encoding="UTF-8"?>
<testsuite xmlns:xsi="http://www.w3.org/2001/XMLSchema-instance" xsi:noNamespaceSchemaLocation="https://maven.apache.org/surefire/maven-surefire-plugin/xsd/surefire-test-report-3.0.xsd" version="3.0" name="TestSuite" time="19.871" tests="8" errors="0" skipped="0" failures="0">
  <properties>
[...]
</properties>
  <testcase name="test_post[ant-aal-aepz, ant-aal-aepz, 8_5shift_D_2020-09-19](1)" classname="ddt.DataDrivenTestingEx01" time="5.525">
    <system-out><![CDATA[HTTP/1.1 200 OK
Server: nginx/1.10.3 (Ubuntu)
Date: Sun, 20 Sep 2020 07:36:42 GMT
Content-Type: application/json
Transfer-Encoding: chunked
Connection: keep-alive
Content-Encoding: gzip
Access-Control-Allow-Credentials: true
Access-Control-Allow-Methods: GET, POST, OPTIONS
Access-Control-Allow-Headers: DNT,User-Agent,X-Requested-With,If-Modified-Since,Cache-Control,Content-Type,Range
Access-Control-Expose-Headers: Content-Length,Content-Range

{
    "schedule": [
        {
            "duration": "60",
            "subtype": "WORK",
            "sessionblock": "1",
            "endtime": "09:00",
            "description": "work",
            "overtime": "1",
            "starttime": "08:00",
            "starttimeepoch": "1600480800000",
            "type": "WK",
            "endtimeepoch": "1600484400000",
            "applycalc": "1"
        },
        {
            "duration": "60",
            "subtype": "WORK",
            "sessionblock": "2",
            "endtime": "10:00",
            "description": "work",
            "overtime": "1",
            "starttime": "09:00",
            "starttimeepoch": "1600484400000",
            "type": "WK",
            "endtimeepoch": "1600488000000",
            "applycalc": "1"
        },
        {
            "duration": "60",
            "subtype": "WORK",
            "sessionblock": "3",
            "endtime": "11:00",
            "description": "work",
            "overtime": "1",
            "starttime": "10:00",
            "starttimeepoch": "1600488000000",
            "type": "WK",
            "endtimeepoch": "1600491600000",
            "applycalc": "1"
        },
        {
            "duration": "60",
            "subtype": "WORK",
            "sessionblock": "4",
            "endtime": "12:00",
            "description": "work",
            "overtime": "1",
            "starttime": "11:00",
            "starttimeepoch": "1600491600000",
            "type": "WK",
            "endtimeepoch": "1600495200000",
            "applycalc": "1"
        },
        {
            "duration": "60",
            "subtype": "WORK",
            "sessionblock": "5",
            "endtime": "13:00",
            "description": "work",
            "overtime": "1",
            "starttime": "12:00",
            "starttimeepoch": "1600495200000",
            "type": "WK",
            "endtimeepoch": "1600498800000",
            "applycalc": "1"
        },
        {
            "duration": "30",
            "subtype": "WORK",
            "sessionblock": "6",
            "endtime": "13:30",
            "description": "work",
            "overtime": "1",
            "starttime": "13:00",
            "starttimeepoch": "1600498800000",
            "type": "WK",
            "endtimeepoch": "1600500600000",
            "applycalc": "1"
        },
        {
            "duration": "60",
            "subtype": "BREAK",
            "sessionblock": "6",
            "endtime": "14:30",
            "description": "lunch",
            "overtime": "1",
            "starttime": "13:30",
            "starttimeepoch": "1600500600000",
            "type": "NOWK",
            "endtimeepoch": "1600504200000",
            "applycalc": "0"
        },
        {
            "duration": "30",
            "subtype": "WORK",
            "sessionblock": "6",
            "endtime": "15:00",
            "description": "work",
            "overtime": "1",
            "starttime": "14:30",
            "starttimeepoch": "1600504200000",
            "type": "WK",
            "endtimeepoch": "1600506000000",
            "applycalc": "1"
        },
        {
            "duration": "60",
            "subtype": "WORK",
            "sessionblock": "7",
            "endtime": "16:00",
            "description": "work",
            "overtime": "1",
            "starttime": "15:00",
            "starttimeepoch": "1600506000000",
            "type": "WK",
            "endtimeepoch": "1600509600000",
            "applycalc": "1"
        },
        {
            "duration": "60",
            "subtype": "WORK",
            "sessionblock": "8",
            "endtime": "17:00",
            "description": "work",
            "overtime": "1",
            "starttime": "16:00",
            "starttimeepoch": "1600509600000",
            "type": "WK",
            "endtimeepoch": "1600513200000",
            "applycalc": "1"
        },
        {
            "duration": "60",
            "subtype": "WORK",
            "sessionblock": "9",
            "endtime": "18:00",
            "description": "work",
            "overtime": "1",
            "starttime": "17:00",
            "starttimeepoch": "1600513200000",
            "type": "WK",
            "endtimeepoch": "1600516800000",
            "applycalc": "1"
        },
        {
            "duration": "60",
            "subtype": "WORK",
            "sessionblock": "10",
            "endtime": "19:00",
            "description": "work",
            "overtime": "1",
            "starttime": "18:00",
            "starttimeepoch": "1600516800000",
            "type": "WK",
            "endtimeepoch": "1600520400000",
            "applycalc": "1"
        }
    ],
    "subjects": [
        "ant"
    ],
    "subject_key": "ant-aal-aepz",
    "schedule_name": "system_assign",
    "schedule_id": "8_5shift"
}
]]></system-out>
  </testcase>
  <testcase name="test_post[ant-aal-aepz, ant-aal-aepz, 8_5shift_D_2020-09-18](2)" classname="ddt.DataDrivenTestingEx01" time="1.918">
    <system-out><![CDATA[HTTP/1.1 200 OK
Server: nginx/1.10.3 (Ubuntu)
Date: Sun, 20 Sep 2020 07:36:44 GMT
Content-Type: application/json
Transfer-Encoding: chunked
Connection: keep-alive
Content-Encoding: gzip
Access-Control-Allow-Credentials: true
Access-Control-Allow-Methods: GET, POST, OPTIONS
Access-Control-Allow-Headers: DNT,User-Agent,X-Requested-With,If-Modified-Since,Cache-Control,Content-Type,Range
Access-Control-Expose-Headers: Content-Length,Content-Range

{
    "schedule": [
        {
            "duration": "60",
            "subtype": "WORK",
            "sessionblock": "1",
            "endtime": "09:00",
            "description": "work",
            "overtime": "1",
            "starttime": "08:00",
            "starttimeepoch": "1600394400000",
            "type": "WK",
            "endtimeepoch": "1600398000000",
            "applycalc": "1"
        },
        {
            "duration": "60",
            "subtype": "WORK",
            "sessionblock": "2",
            "endtime": "10:00",
            "description": "work",
            "overtime": "1",
            "starttime": "09:00",
            "starttimeepoch": "1600398000000",
            "type": "WK",
            "endtimeepoch": "1600401600000",
            "applycalc": "1"
        },
        {
            "duration": "60",
            "subtype": "WORK",
            "sessionblock": "3",
            "endtime": "11:00",
            "description": "work",
            "overtime": "1",
            "starttime": "10:00",
            "starttimeepoch": "1600401600000",
            "type": "WK",
            "endtimeepoch": "1600405200000",
            "applycalc": "1"
        },
        {
            "duration": "60",
            "subtype": "WORK",
            "sessionblock": "4",
            "endtime": "12:00",
            "description": "work",
            "overtime": "1",
            "starttime": "11:00",
            "starttimeepoch": "1600405200000",
            "type": "WK",
            "endtimeepoch": "1600408800000",
            "applycalc": "1"
        },
        {
            "duration": "60",
            "subtype": "WORK",
            "sessionblock": "5",
            "endtime": "13:00",
            "description": "work",
            "overtime": "1",
            "starttime": "12:00",
            "starttimeepoch": "1600408800000",
            "type": "WK",
            "endtimeepoch": "1600412400000",
            "applycalc": "1"
        },
        {
            "duration": "30",
            "subtype": "WORK",
            "sessionblock": "6",
            "endtime": "13:30",
            "description": "work",
            "overtime": "1",
            "starttime": "13:00",
            "starttimeepoch": "1600412400000",
            "type": "WK",
            "endtimeepoch": "1600414200000",
            "applycalc": "1"
        },
        {
            "duration": "60",
            "subtype": "BREAK",
            "sessionblock": "6",
            "endtime": "14:30",
            "description": "lunch",
            "overtime": "1",
            "starttime": "13:30",
            "starttimeepoch": "1600414200000",
            "type": "NOWK",
            "endtimeepoch": "1600417800000",
            "applycalc": "0"
        },
        {
            "duration": "30",
            "subtype": "WORK",
            "sessionblock": "6",
            "endtime": "15:00",
            "description": "work",
            "overtime": "1",
            "starttime": "14:30",
            "starttimeepoch": "1600417800000",
            "type": "WK",
            "endtimeepoch": "1600419600000",
            "applycalc": "1"
        },
        {
            "duration": "60",
            "subtype": "WORK",
            "sessionblock": "7",
            "endtime": "16:00",
            "description": "work",
            "overtime": "1",
            "starttime": "15:00",
            "starttimeepoch": "1600419600000",
            "type": "WK",
            "endtimeepoch": "1600423200000",
            "applycalc": "1"
        },
        {
            "duration": "60",
            "subtype": "WORK",
            "sessionblock": "8",
            "endtime": "17:00",
            "description": "work",
            "overtime": "1",
            "starttime": "16:00",
            "starttimeepoch": "1600423200000",
            "type": "WK",
            "endtimeepoch": "1600426800000",
            "applycalc": "1"
        },
        {
            "duration": "60",
            "subtype": "WORK",
            "sessionblock": "9",
            "endtime": "18:00",
            "description": "work",
            "overtime": "1",
            "starttime": "17:00",
            "starttimeepoch": "1600426800000",
            "type": "WK",
            "endtimeepoch": "1600430400000",
            "applycalc": "1"
        },
        {
            "duration": "60",
            "subtype": "WORK",
            "sessionblock": "10",
            "endtime": "19:00",
            "description": "work",
            "overtime": "1",
            "starttime": "18:00",
            "starttimeepoch": "1600430400000",
            "type": "WK",
            "endtimeepoch": "1600434000000",
            "applycalc": "1"
        }
    ],
    "subjects": [
        "ant"
    ],
    "subject_key": "ant-aal-aepz",
    "schedule_name": "system_assign",
    "schedule_id": "8_5shift"
}
]]></system-out>
  </testcase>
  <testcase name="test_post[ugl-ftml-unit1, ugl-ftml-unit1, day_shift_D_2020-09-19](3)" classname="ddt.DataDrivenTestingEx01" time="1.235">
    <system-out><![CDATA[HTTP/1.1 200 OK
Server: nginx/1.10.3 (Ubuntu)
Date: Sun, 20 Sep 2020 07:36:46 GMT
Content-Type: application/json
Transfer-Encoding: chunked
Connection: keep-alive
Content-Encoding: gzip
Access-Control-Allow-Credentials: true
Access-Control-Allow-Methods: GET, POST, OPTIONS
Access-Control-Allow-Headers: DNT,User-Agent,X-Requested-With,If-Modified-Since,Cache-Control,Content-Type,Range
Access-Control-Expose-Headers: Content-Length,Content-Range

{
    "schedule": [
        {
            "duration": "60",
            "subtype": "WORK",
            "sessionblock": "1",
            "endtime": "09:00",
            "description": "work",
            "overtime": "1",
            "starttime": "08:00",
            "starttimeepoch": "1600480800000",
            "type": "WK",
            "endtimeepoch": "1600484400000",
            "applycalc": "1"
        },
        {
            "duration": "60",
            "subtype": "WORK",
            "sessionblock": "2",
            "endtime": "10:00",
            "description": "work",
            "overtime": "1",
            "starttime": "09:00",
            "starttimeepoch": "1600484400000",
            "type": "WK",
            "endtimeepoch": "1600488000000",
            "applycalc": "1"
        },
        {
            "duration": "60",
            "subtype": "WORK",
            "sessionblock": "3",
            "endtime": "11:00",
            "description": "work",
            "overtime": "1",
            "starttime": "10:00",
            "starttimeepoch": "1600488000000",
            "type": "WK",
            "endtimeepoch": "1600491600000",
            "applycalc": "1"
        },
        {
            "duration": "660",
            "subtype": "WORK",
            "sessionblock": "4",
            "endtime": "22:00",
            "description": "work",
            "overtime": "1",
            "starttime": "11:00",
            "starttimeepoch": "1600491600000",
            "type": "WK",
            "endtimeepoch": "1600531200000",
            "applycalc": "1"
        }
    ],
    "subjects": [
        "ugl"
    ],
    "subject_key": "ugl-ftml-unit1",
    "schedule_name": "system_assign",
    "schedule_id": "day_shift"
}
]]></system-out>
  </testcase>
  <testcase name="test_post[ugl-ftml-unit1, ugl-ftml-unit1, day_shift_D_2020-09-18](4)" classname="ddt.DataDrivenTestingEx01" time="2.025">
    <system-out><![CDATA[HTTP/1.1 200 OK
Server: nginx/1.10.3 (Ubuntu)
Date: Sun, 20 Sep 2020 07:36:48 GMT
Content-Type: application/json
Transfer-Encoding: chunked
Connection: keep-alive
Content-Encoding: gzip
Access-Control-Allow-Credentials: true
Access-Control-Allow-Methods: GET, POST, OPTIONS
Access-Control-Allow-Headers: DNT,User-Agent,X-Requested-With,If-Modified-Since,Cache-Control,Content-Type,Range
Access-Control-Expose-Headers: Content-Length,Content-Range

{
    "schedule": [
        {
            "duration": "60",
            "subtype": "WORK",
            "sessionblock": "1",
            "endtime": "09:00",
            "description": "work",
            "overtime": "1",
            "starttime": "08:00",
            "starttimeepoch": "1600394400000",
            "type": "WK",
            "endtimeepoch": "1600398000000",
            "applycalc": "1"
        },
        {
            "duration": "60",
            "subtype": "WORK",
            "sessionblock": "2",
            "endtime": "10:00",
            "description": "work",
            "overtime": "1",
            "starttime": "09:00",
            "starttimeepoch": "1600398000000",
            "type": "WK",
            "endtimeepoch": "1600401600000",
            "applycalc": "1"
        },
        {
            "duration": "60",
            "subtype": "WORK",
            "sessionblock": "3",
            "endtime": "11:00",
            "description": "work",
            "overtime": "1",
            "starttime": "10:00",
            "starttimeepoch": "1600401600000",
            "type": "WK",
            "endtimeepoch": "1600405200000",
            "applycalc": "1"
        },
        {
            "duration": "660",
            "subtype": "WORK",
            "sessionblock": "4",
            "endtime": "22:00",
            "description": "work",
            "overtime": "1",
            "starttime": "11:00",
            "starttimeepoch": "1600405200000",
            "type": "WK",
            "endtimeepoch": "1600444800000",
            "applycalc": "1"
        }
    ],
    "subjects": [
        "ugl"
    ],
    "subject_key": "ugl-ftml-unit1",
    "schedule_name": "system_assign",
    "schedule_id": "day_shift"
}
]]></system-out>
  </testcase>
  <testcase name="test_post[bhg-knit, bhg-knit, day_shift_D_2020-09-18](5)" classname="ddt.DataDrivenTestingEx01" time="2.638">
    <system-out><![CDATA[HTTP/1.1 200 OK
Server: nginx/1.10.3 (Ubuntu)
Date: Sun, 20 Sep 2020 07:36:50 GMT
Content-Type: application/json
Transfer-Encoding: chunked
Connection: keep-alive
Content-Encoding: gzip
Access-Control-Allow-Credentials: true
Access-Control-Allow-Methods: GET, POST, OPTIONS
Access-Control-Allow-Headers: DNT,User-Agent,X-Requested-With,If-Modified-Since,Cache-Control,Content-Type,Range
Access-Control-Expose-Headers: Content-Length,Content-Range

{
    "schedule": [
        {
            "duration": "60",
            "subtype": "WORK",
            "sessionblock": "1",
            "endtime": "09:00",
            "description": "WORK",
            "overtime": "0",
            "starttime": "08:00",
            "starttimeepoch": "1600394400000",
            "type": "WK",
            "endtimeepoch": "1600398000000",
            "applycalc": "1"
        },
        {
            "duration": "60",
            "subtype": "WORK",
            "sessionblock": "2",
            "endtime": "10:00",
            "description": "WORK",
            "overtime": "0",
            "starttime": "09:00",
            "starttimeepoch": "1600398000000",
            "type": "WK",
            "endtimeepoch": "1600401600000",
            "applycalc": "1"
        },
        {
            "duration": "60",
            "subtype": "WORK",
            "sessionblock": "3",
            "endtime": "11:00",
            "description": "WORK",
            "overtime": "0",
            "starttime": "10:00",
            "starttimeepoch": "1600401600000",
            "type": "WK",
            "endtimeepoch": "1600405200000",
            "applycalc": "1"
        },
        {
            "duration": "60",
            "subtype": "WORK",
            "sessionblock": "4",
            "endtime": "12:00",
            "description": "WORK",
            "overtime": "0",
            "starttime": "11:00",
            "starttimeepoch": "1600405200000",
            "type": "WK",
            "endtimeepoch": "1600408800000",
            "applycalc": "1"
        },
        {
            "duration": "60",
            "subtype": "WORK",
            "sessionblock": "5",
            "endtime": "13:00",
            "description": "WORK",
            "overtime": "0",
            "starttime": "12:00",
            "starttimeepoch": "1600408800000",
            "type": "WK",
            "endtimeepoch": "1600412400000",
            "applycalc": "1"
        },
        {
            "duration": "30",
            "subtype": "WORK",
            "sessionblock": "6",
            "endtime": "13:30",
            "description": "WORK",
            "overtime": "0",
            "starttime": "13:00",
            "starttimeepoch": "1600412400000",
            "type": "WK",
            "endtimeepoch": "1600414200000",
            "applycalc": "1"
        },
        {
            "duration": "60",
            "subtype": "BREAK",
            "sessionblock": "6",
            "endtime": "14:30",
            "description": "BREAK",
            "overtime": "0",
            "starttime": "13:30",
            "starttimeepoch": "1600414200000",
            "type": "NOWK",
            "endtimeepoch": "1600417800000",
            "applycalc": "0"
        },
        {
            "duration": "30",
            "subtype": "WORK",
            "sessionblock": "6",
            "endtime": "15:00",
            "description": "WORK",
            "overtime": "0",
            "starttime": "14:30",
            "starttimeepoch": "1600417800000",
            "type": "WK",
            "endtimeepoch": "1600419600000",
            "applycalc": "1"
        },
        {
            "duration": "60",
            "subtype": "WORK",
            "sessionblock": "7",
            "endtime": "16:00",
            "description": "WORK",
            "overtime": "0",
            "starttime": "15:00",
            "starttimeepoch": "1600419600000",
            "type": "WK",
            "endtimeepoch": "1600423200000",
            "applycalc": "1"
        },
        {
            "duration": "60",
            "subtype": "WORK",
            "sessionblock": "8",
            "endtime": "17:00",
            "description": "WORK",
            "overtime": "0",
            "starttime": "16:00",
            "starttimeepoch": "1600423200000",
            "type": "WK",
            "endtimeepoch": "1600426800000",
            "applycalc": "1"
        },
        {
            "duration": "60",
            "subtype": "WORK",
            "sessionblock": "9",
            "endtime": "18:00",
            "description": "WORK",
            "overtime": "0",
            "starttime": "17:00",
            "starttimeepoch": "1600426800000",
            "type": "WK",
            "endtimeepoch": "1600430400000",
            "applycalc": "1"
        }
    ],
    "subjects": [
        "bhg"
    ],
    "subject_key": "bhg-knit",
    "schedule_name": "system_assign",
    "schedule_id": "day_shift"
}
]]></system-out>
  </testcase>
  <testcase name="test_post[bhg-knit, bhg-knit, day_shift_D_2020-09-18](6)" classname="ddt.DataDrivenTestingEx01" time="2.075">
    <system-out><![CDATA[HTTP/1.1 200 OK
Server: nginx/1.10.3 (Ubuntu)
Date: Sun, 20 Sep 2020 07:36:52 GMT
Content-Type: application/json
Transfer-Encoding: chunked
Connection: keep-alive
Content-Encoding: gzip
Access-Control-Allow-Credentials: true
Access-Control-Allow-Methods: GET, POST, OPTIONS
Access-Control-Allow-Headers: DNT,User-Agent,X-Requested-With,If-Modified-Since,Cache-Control,Content-Type,Range
Access-Control-Expose-Headers: Content-Length,Content-Range

{
    "schedule": [
        {
            "duration": "60",
            "subtype": "WORK",
            "sessionblock": "1",
            "endtime": "09:00",
            "description": "WORK",
            "overtime": "0",
            "starttime": "08:00",
            "starttimeepoch": "1600394400000",
            "type": "WK",
            "endtimeepoch": "1600398000000",
            "applycalc": "1"
        },
        {
            "duration": "60",
            "subtype": "WORK",
            "sessionblock": "2",
            "endtime": "10:00",
            "description": "WORK",
            "overtime": "0",
            "starttime": "09:00",
            "starttimeepoch": "1600398000000",
            "type": "WK",
            "endtimeepoch": "1600401600000",
            "applycalc": "1"
        },
        {
            "duration": "60",
            "subtype": "WORK",
            "sessionblock": "3",
            "endtime": "11:00",
            "description": "WORK",
            "overtime": "0",
            "starttime": "10:00",
            "starttimeepoch": "1600401600000",
            "type": "WK",
            "endtimeepoch": "1600405200000",
            "applycalc": "1"
        },
        {
            "duration": "60",
            "subtype": "WORK",
            "sessionblock": "4",
            "endtime": "12:00",
            "description": "WORK",
            "overtime": "0",
            "starttime": "11:00",
            "starttimeepoch": "1600405200000",
            "type": "WK",
            "endtimeepoch": "1600408800000",
            "applycalc": "1"
        },
        {
            "duration": "60",
            "subtype": "WORK",
            "sessionblock": "5",
            "endtime": "13:00",
            "description": "WORK",
            "overtime": "0",
            "starttime": "12:00",
            "starttimeepoch": "1600408800000",
            "type": "WK",
            "endtimeepoch": "1600412400000",
            "applycalc": "1"
        },
        {
            "duration": "30",
            "subtype": "WORK",
            "sessionblock": "6",
            "endtime": "13:30",
            "description": "WORK",
            "overtime": "0",
            "starttime": "13:00",
            "starttimeepoch": "1600412400000",
            "type": "WK",
            "endtimeepoch": "1600414200000",
            "applycalc": "1"
        },
        {
            "duration": "60",
            "subtype": "BREAK",
            "sessionblock": "6",
            "endtime": "14:30",
            "description": "BREAK",
            "overtime": "0",
            "starttime": "13:30",
            "starttimeepoch": "1600414200000",
            "type": "NOWK",
            "endtimeepoch": "1600417800000",
            "applycalc": "0"
        },
        {
            "duration": "30",
            "subtype": "WORK",
            "sessionblock": "6",
            "endtime": "15:00",
            "description": "WORK",
            "overtime": "0",
            "starttime": "14:30",
            "starttimeepoch": "1600417800000",
            "type": "WK",
            "endtimeepoch": "1600419600000",
            "applycalc": "1"
        },
        {
            "duration": "60",
            "subtype": "WORK",
            "sessionblock": "7",
            "endtime": "16:00",
            "description": "WORK",
            "overtime": "0",
            "starttime": "15:00",
            "starttimeepoch": "1600419600000",
            "type": "WK",
            "endtimeepoch": "1600423200000",
            "applycalc": "1"
        },
        {
            "duration": "60",
            "subtype": "WORK",
            "sessionblock": "8",
            "endtime": "17:00",
            "description": "WORK",
            "overtime": "0",
            "starttime": "16:00",
            "starttimeepoch": "1600423200000",
            "type": "WK",
            "endtimeepoch": "1600426800000",
            "applycalc": "1"
        },
        {
            "duration": "60",
            "subtype": "WORK",
            "sessionblock": "9",
            "endtime": "18:00",
            "description": "WORK",
            "overtime": "0",
            "starttime": "17:00",
            "starttimeepoch": "1600426800000",
            "type": "WK",
            "endtimeepoch": "1600430400000",
            "applycalc": "1"
        }
    ],
    "subjects": [
        "bhg"
    ],
    "subject_key": "bhg-knit",
    "schedule_name": "system_assign",
    "schedule_id": "day_shift"
}
]]></system-out>
  </testcase>
  <testcase name="test_post[pds-paba, pds-paba, day_shift_D_2020-09-18](7)" classname="ddt.DataDrivenTestingEx01" time="1.989">
    <system-out><![CDATA[HTTP/1.1 200 OK
Server: nginx/1.10.3 (Ubuntu)
Date: Sun, 20 Sep 2020 07:36:54 GMT
Content-Type: application/json
Transfer-Encoding: chunked
Connection: keep-alive
Content-Encoding: gzip
Access-Control-Allow-Credentials: true
Access-Control-Allow-Methods: GET, POST, OPTIONS
Access-Control-Allow-Headers: DNT,User-Agent,X-Requested-With,If-Modified-Since,Cache-Control,Content-Type,Range
Access-Control-Expose-Headers: Content-Length,Content-Range

{
    "schedule": [
        {
            "duration": "60",
            "subtype": "WORK",
            "sessionblock": "1",
            "endtime": "09:00",
            "description": "work",
            "overtime": "1",
            "starttime": "08:00",
            "starttimeepoch": "1600394400000",
            "type": "WK",
            "endtimeepoch": "1600398000000",
            "applycalc": "1"
        },
        {
            "duration": "60",
            "subtype": "WORK",
            "sessionblock": "2",
            "endtime": "10:00",
            "description": "work",
            "overtime": "1",
            "starttime": "09:00",
            "starttimeepoch": "1600398000000",
            "type": "WK",
            "endtimeepoch": "1600401600000",
            "applycalc": "1"
        },
        {
            "duration": "60",
            "subtype": "WORK",
            "sessionblock": "3",
            "endtime": "11:00",
            "description": "work",
            "overtime": "1",
            "starttime": "10:00",
            "starttimeepoch": "1600401600000",
            "type": "WK",
            "endtimeepoch": "1600405200000",
            "applycalc": "1"
        },
        {
            "duration": "60",
            "subtype": "WORK",
            "sessionblock": "4",
            "endtime": "12:00",
            "description": "work",
            "overtime": "1",
            "starttime": "11:00",
            "starttimeepoch": "1600405200000",
            "type": "WK",
            "endtimeepoch": "1600408800000",
            "applycalc": "1"
        },
        {
            "duration": "60",
            "subtype": "WORK",
            "sessionblock": "5",
            "endtime": "13:00",
            "description": "work",
            "overtime": "1",
            "starttime": "12:00",
            "starttimeepoch": "1600408800000",
            "type": "WK",
            "endtimeepoch": "1600412400000",
            "applycalc": "1"
        },
        {
            "duration": "30",
            "subtype": "WORK",
            "sessionblock": "6",
            "endtime": "13:30",
            "description": "work",
            "overtime": "1",
            "starttime": "13:00",
            "starttimeepoch": "1600412400000",
            "type": "WK",
            "endtimeepoch": "1600414200000",
            "applycalc": "1"
        },
        {
            "duration": "60",
            "subtype": "BREAK",
            "sessionblock": "6",
            "endtime": "14:30",
            "description": "lunch",
            "overtime": "1",
            "starttime": "13:30",
            "starttimeepoch": "1600414200000",
            "type": "NOWK",
            "endtimeepoch": "1600417800000",
            "applycalc": "0"
        },
        {
            "duration": "30",
            "subtype": "WORK",
            "sessionblock": "6",
            "endtime": "15:00",
            "description": "work",
            "overtime": "1",
            "starttime": "14:30",
            "starttimeepoch": "1600417800000",
            "type": "WK",
            "endtimeepoch": "1600419600000",
            "applycalc": "1"
        },
        {
            "duration": "60",
            "subtype": "WORK",
            "sessionblock": "7",
            "endtime": "16:00",
            "description": "work",
            "overtime": "1",
            "starttime": "15:00",
            "starttimeepoch": "1600419600000",
            "type": "WK",
            "endtimeepoch": "1600423200000",
            "applycalc": "1"
        },
        {
            "duration": "60",
            "subtype": "WORK",
            "sessionblock": "8",
            "endtime": "17:00",
            "description": "work",
            "overtime": "1",
            "starttime": "16:00",
            "starttimeepoch": "1600423200000",
            "type": "WK",
            "endtimeepoch": "1600426800000",
            "applycalc": "1"
        },
        {
            "duration": "60",
            "subtype": "WORK",
            "sessionblock": "9",
            "endtime": "18:00",
            "description": "work",
            "overtime": "1",
            "starttime": "17:00",
            "starttimeepoch": "1600426800000",
            "type": "WK",
            "endtimeepoch": "1600430400000",
            "applycalc": "1"
        },
        {
            "duration": "60",
            "subtype": "WORK",
            "sessionblock": "10",
            "endtime": "19:00",
            "description": "work",
            "overtime": "1",
            "starttime": "18:00",
            "starttimeepoch": "1600430400000",
            "type": "WK",
            "endtimeepoch": "1600434000000",
            "applycalc": "1"
        }
    ],
    "subjects": [
        "pds"
    ],
    "subject_key": "pds-paba",
    "schedule_name": "system_assign",
    "schedule_id": "day_shift"
}
]]></system-out>
  </testcase>
  <testcase name="test_post[pds-paba, pds-paba, day_shift_D_2020-09-18](8)" classname="ddt.DataDrivenTestingEx01" time="2.034">
    <system-out><![CDATA[HTTP/1.1 200 OK
Server: nginx/1.10.3 (Ubuntu)
Date: Sun, 20 Sep 2020 07:36:56 GMT
Content-Type: application/json
Transfer-Encoding: chunked
Connection: keep-alive
Content-Encoding: gzip
Access-Control-Allow-Credentials: true
Access-Control-Allow-Methods: GET, POST, OPTIONS
Access-Control-Allow-Headers: DNT,User-Agent,X-Requested-With,If-Modified-Since,Cache-Control,Content-Type,Range
Access-Control-Expose-Headers: Content-Length,Content-Range

{
    "schedule": [
        {
            "duration": "60",
            "subtype": "WORK",
            "sessionblock": "1",
            "endtime": "09:00",
            "description": "work",
            "overtime": "1",
            "starttime": "08:00",
            "starttimeepoch": "1600394400000",
            "type": "WK",
            "endtimeepoch": "1600398000000",
            "applycalc": "1"
        },
        {
            "duration": "60",
            "subtype": "WORK",
            "sessionblock": "2",
            "endtime": "10:00",
            "description": "work",
            "overtime": "1",
            "starttime": "09:00",
            "starttimeepoch": "1600398000000",
            "type": "WK",
            "endtimeepoch": "1600401600000",
            "applycalc": "1"
        },
        {
            "duration": "60",
            "subtype": "WORK",
            "sessionblock": "3",
            "endtime": "11:00",
            "description": "work",
            "overtime": "1",
            "starttime": "10:00",
            "starttimeepoch": "1600401600000",
            "type": "WK",
            "endtimeepoch": "1600405200000",
            "applycalc": "1"
        },
        {
            "duration": "60",
            "subtype": "WORK",
            "sessionblock": "4",
            "endtime": "12:00",
            "description": "work",
            "overtime": "1",
            "starttime": "11:00",
            "starttimeepoch": "1600405200000",
            "type": "WK",
            "endtimeepoch": "1600408800000",
            "applycalc": "1"
        },
        {
            "duration": "60",
            "subtype": "WORK",
            "sessionblock": "5",
            "endtime": "13:00",
            "description": "work",
            "overtime": "1",
            "starttime": "12:00",
            "starttimeepoch": "1600408800000",
            "type": "WK",
            "endtimeepoch": "1600412400000",
            "applycalc": "1"
        },
        {
            "duration": "30",
            "subtype": "WORK",
            "sessionblock": "6",
            "endtime": "13:30",
            "description": "work",
            "overtime": "1",
            "starttime": "13:00",
            "starttimeepoch": "1600412400000",
            "type": "WK",
            "endtimeepoch": "1600414200000",
            "applycalc": "1"
        },
        {
            "duration": "60",
            "subtype": "BREAK",
            "sessionblock": "6",
            "endtime": "14:30",
            "description": "lunch",
            "overtime": "1",
            "starttime": "13:30",
            "starttimeepoch": "1600414200000",
            "type": "NOWK",
            "endtimeepoch": "1600417800000",
            "applycalc": "0"
        },
        {
            "duration": "30",
            "subtype": "WORK",
            "sessionblock": "6",
            "endtime": "15:00",
            "description": "work",
            "overtime": "1",
            "starttime": "14:30",
            "starttimeepoch": "1600417800000",
            "type": "WK",
            "endtimeepoch": "1600419600000",
            "applycalc": "1"
        },
        {
            "duration": "60",
            "subtype": "WORK",
            "sessionblock": "7",
            "endtime": "16:00",
            "description": "work",
            "overtime": "1",
            "starttime": "15:00",
            "starttimeepoch": "1600419600000",
            "type": "WK",
            "endtimeepoch": "1600423200000",
            "applycalc": "1"
        },
        {
            "duration": "60",
            "subtype": "WORK",
            "sessionblock": "8",
            "endtime": "17:00",
            "description": "work",
            "overtime": "1",
            "starttime": "16:00",
            "starttimeepoch": "1600423200000",
            "type": "WK",
            "endtimeepoch": "1600426800000",
            "applycalc": "1"
        },
        {
            "duration": "60",
            "subtype": "WORK",
            "sessionblock": "9",
            "endtime": "18:00",
            "description": "work",
            "overtime": "1",
            "starttime": "17:00",
            "starttimeepoch": "1600426800000",
            "type": "WK",
            "endtimeepoch": "1600430400000",
            "applycalc": "1"
        },
        {
            "duration": "60",
            "subtype": "WORK",
            "sessionblock": "10",
            "endtime": "19:00",
            "description": "work",
            "overtime": "1",
            "starttime": "18:00",
            "starttimeepoch": "1600430400000",
            "type": "WK",
            "endtimeepoch": "1600434000000",
            "applycalc": "1"
        }
    ],
    "subjects": [
        "pds"
    ],
    "subject_key": "pds-paba",
    "schedule_name": "system_assign",
    "schedule_id": "day_shift"
}
]]></system-out>
  </testcase>
</testsuite>