<?xml version="1.0" encoding="UTF-8"?>
<testng-results ignored="0" total="1" passed="1" failed="0" skipped="0">
  <reporter-output>
  </reporter-output>
  <suite started-at="2020-10-17T19:52:58 IST" name="All Test Suite" finished-at="2020-10-17T19:53:03 IST" duration-ms="4268">
    <groups>
    </groups>
    <test started-at="2020-10-17T19:52:58 IST" name="restAssuredTest" finished-at="2020-10-17T19:53:03 IST" duration-ms="4268">
      <class name="ddt.DataDrivenTestingEx01">
        <test-method signature="test_post(java.lang.String, java.lang.String, java.lang.String)[pri:0, instance:ddt.DataDrivenTestingEx01@65b3f4a4]" started-at="2020-10-17T19:52:59 IST" name="test_post" data-provider="dataForGetSchedule" finished-at="2020-10-17T19:53:03 IST" duration-ms="4229" status="PASS">
          <params>
            <param index="0">
              <value>
                <![CDATA[pds-paba]]>
              </value>
            </param>
            <param index="1">
              <value>
                <![CDATA[pds-paba]]>
              </value>
            </param>
            <param index="2">
              <value>
                <![CDATA[day_shift_D_2020-09-18]]>
              </value>
            </param>
          </params>
          <reporter-output>
          </reporter-output>
        </test-method> <!-- test_post -->
      </class> <!-- ddt.DataDrivenTestingEx01 -->
    </test> <!-- restAssuredTest -->
  </suite> <!-- All Test Suite -->
</testng-results>
