<?xml version="1.0" encoding="UTF-8"?>
<testng-results ignored="0" total="12" passed="12" failed="0" skipped="0">
  <reporter-output>
  </reporter-output>
  <suite started-at="2020-09-20T14:15:34 IST" name="All Test Suite" finished-at="2020-09-20T14:16:00 IST" duration-ms="25293">
    <groups>
    </groups>
    <test started-at="2020-09-20T14:15:34 IST" name="restAssuredTest" finished-at="2020-09-20T14:16:00 IST" duration-ms="25293">
      <class name="ddt.DataDrivenTestingEx01">
        <test-method signature="test_post(java.lang.String, java.lang.String, java.lang.String)[pri:0, instance:ddt.DataDrivenTestingEx01@65b3f4a4]" started-at="2020-09-20T14:15:34 IST" name="test_post" data-provider="dataForPost" finished-at="2020-09-20T14:15:38 IST" duration-ms="3768" status="PASS">
          <params>
            <param index="0">
              <value>
                <![CDATA[ant-aal-aepz]]>
              </value>
            </param>
            <param index="1">
              <value>
                <![CDATA[ant-aal-aepz]]>
              </value>
            </param>
            <param index="2">
              <value>
                <![CDATA[8_5shift_D_2020-09-20]]>
              </value>
            </param>
          </params>
          <reporter-output>
          </reporter-output>
        </test-method> <!-- test_post -->
        <test-method signature="test_post(java.lang.String, java.lang.String, java.lang.String)[pri:0, instance:ddt.DataDrivenTestingEx01@65b3f4a4]" started-at="2020-09-20T14:15:38 IST" name="test_post" data-provider="dataForPost" finished-at="2020-09-20T14:15:40 IST" duration-ms="1973" status="PASS">
          <params>
            <param index="0">
              <value>
                <![CDATA[ant-aal-aepz]]>
              </value>
            </param>
            <param index="1">
              <value>
                <![CDATA[ant-aal-aepz]]>
              </value>
            </param>
            <param index="2">
              <value>
                <![CDATA[8_5shift_D_2020-09-19]]>
              </value>
            </param>
          </params>
          <reporter-output>
          </reporter-output>
        </test-method> <!-- test_post -->
        <test-method signature="test_post(java.lang.String, java.lang.String, java.lang.String)[pri:0, instance:ddt.DataDrivenTestingEx01@65b3f4a4]" started-at="2020-09-20T14:15:40 IST" name="test_post" data-provider="dataForPost" finished-at="2020-09-20T14:15:42 IST" duration-ms="1977" status="PASS">
          <params>
            <param index="0">
              <value>
                <![CDATA[ant-aal-aepz]]>
              </value>
            </param>
            <param index="1">
              <value>
                <![CDATA[ant-aal-aepz]]>
              </value>
            </param>
            <param index="2">
              <value>
                <![CDATA[8_5shift_D_2020-09-18]]>
              </value>
            </param>
          </params>
          <reporter-output>
          </reporter-output>
        </test-method> <!-- test_post -->
        <test-method signature="test_post(java.lang.String, java.lang.String, java.lang.String)[pri:0, instance:ddt.DataDrivenTestingEx01@65b3f4a4]" started-at="2020-09-20T14:15:42 IST" name="test_post" data-provider="dataForPost" finished-at="2020-09-20T14:15:44 IST" duration-ms="1947" status="PASS">
          <params>
            <param index="0">
              <value>
                <![CDATA[ugl-ftml-unit1]]>
              </value>
            </param>
            <param index="1">
              <value>
                <![CDATA[ugl-ftml-unit1]]>
              </value>
            </param>
            <param index="2">
              <value>
                <![CDATA[day_shift_D_2020-09-20]]>
              </value>
            </param>
          </params>
          <reporter-output>
          </reporter-output>
        </test-method> <!-- test_post -->
        <test-method signature="test_post(java.lang.String, java.lang.String, java.lang.String)[pri:0, instance:ddt.DataDrivenTestingEx01@65b3f4a4]" started-at="2020-09-20T14:15:44 IST" name="test_post" data-provider="dataForPost" finished-at="2020-09-20T14:15:46 IST" duration-ms="1982" status="PASS">
          <params>
            <param index="0">
              <value>
                <![CDATA[ugl-ftml-unit1]]>
              </value>
            </param>
            <param index="1">
              <value>
                <![CDATA[ugl-ftml-unit1]]>
              </value>
            </param>
            <param index="2">
              <value>
                <![CDATA[day_shift_D_2020-09-19]]>
              </value>
            </param>
          </params>
          <reporter-output>
          </reporter-output>
        </test-method> <!-- test_post -->
        <test-method signature="test_post(java.lang.String, java.lang.String, java.lang.String)[pri:0, instance:ddt.DataDrivenTestingEx01@65b3f4a4]" started-at="2020-09-20T14:15:46 IST" name="test_post" data-provider="dataForPost" finished-at="2020-09-20T14:15:48 IST" duration-ms="1969" status="PASS">
          <params>
            <param index="0">
              <value>
                <![CDATA[ugl-ftml-unit1]]>
              </value>
            </param>
            <param index="1">
              <value>
                <![CDATA[ugl-ftml-unit1]]>
              </value>
            </param>
            <param index="2">
              <value>
                <![CDATA[day_shift_D_2020-09-18]]>
              </value>
            </param>
          </params>
          <reporter-output>
          </reporter-output>
        </test-method> <!-- test_post -->
        <test-method signature="test_post(java.lang.String, java.lang.String, java.lang.String)[pri:0, instance:ddt.DataDrivenTestingEx01@65b3f4a4]" started-at="2020-09-20T14:15:48 IST" name="test_post" data-provider="dataForPost" finished-at="2020-09-20T14:15:50 IST" duration-ms="1916" status="PASS">
          <params>
            <param index="0">
              <value>
                <![CDATA[bhg-knit]]>
              </value>
            </param>
            <param index="1">
              <value>
                <![CDATA[bhg-knit]]>
              </value>
            </param>
            <param index="2">
              <value>
                <![CDATA[day_shift_D_2020-09-20]]>
              </value>
            </param>
          </params>
          <reporter-output>
          </reporter-output>
        </test-method> <!-- test_post -->
        <test-method signature="test_post(java.lang.String, java.lang.String, java.lang.String)[pri:0, instance:ddt.DataDrivenTestingEx01@65b3f4a4]" started-at="2020-09-20T14:15:50 IST" name="test_post" data-provider="dataForPost" finished-at="2020-09-20T14:15:52 IST" duration-ms="1968" status="PASS">
          <params>
            <param index="0">
              <value>
                <![CDATA[bhg-knit]]>
              </value>
            </param>
            <param index="1">
              <value>
                <![CDATA[bhg-knit]]>
              </value>
            </param>
            <param index="2">
              <value>
                <![CDATA[day_shift_D_2020-09-18]]>
              </value>
            </param>
          </params>
          <reporter-output>
          </reporter-output>
        </test-method> <!-- test_post -->
        <test-method signature="test_post(java.lang.String, java.lang.String, java.lang.String)[pri:0, instance:ddt.DataDrivenTestingEx01@65b3f4a4]" started-at="2020-09-20T14:15:52 IST" name="test_post" data-provider="dataForPost" finished-at="2020-09-20T14:15:54 IST" duration-ms="1952" status="PASS">
          <params>
            <param index="0">
              <value>
                <![CDATA[bhg-knit]]>
              </value>
            </param>
            <param index="1">
              <value>
                <![CDATA[bhg-knit]]>
              </value>
            </param>
            <param index="2">
              <value>
                <![CDATA[day_shift_D_2020-09-18]]>
              </value>
            </param>
          </params>
          <reporter-output>
          </reporter-output>
        </test-method> <!-- test_post -->
        <test-method signature="test_post(java.lang.String, java.lang.String, java.lang.String)[pri:0, instance:ddt.DataDrivenTestingEx01@65b3f4a4]" started-at="2020-09-20T14:15:54 IST" name="test_post" data-provider="dataForPost" finished-at="2020-09-20T14:15:56 IST" duration-ms="1925" status="PASS">
          <params>
            <param index="0">
              <value>
                <![CDATA[pds-paba]]>
              </value>
            </param>
            <param index="1">
              <value>
                <![CDATA[pds-paba]]>
              </value>
            </param>
            <param index="2">
              <value>
                <![CDATA[day_shift_D_2020-09-20]]>
              </value>
            </param>
          </params>
          <reporter-output>
          </reporter-output>
        </test-method> <!-- test_post -->
        <test-method signature="test_post(java.lang.String, java.lang.String, java.lang.String)[pri:0, instance:ddt.DataDrivenTestingEx01@65b3f4a4]" started-at="2020-09-20T14:15:56 IST" name="test_post" data-provider="dataForPost" finished-at="2020-09-20T14:15:58 IST" duration-ms="1936" status="PASS">
          <params>
            <param index="0">
              <value>
                <![CDATA[pds-paba]]>
              </value>
            </param>
            <param index="1">
              <value>
                <![CDATA[pds-paba]]>
              </value>
            </param>
            <param index="2">
              <value>
                <![CDATA[day_shift_D_2020-09-18]]>
              </value>
            </param>
          </params>
          <reporter-output>
          </reporter-output>
        </test-method> <!-- test_post -->
        <test-method signature="test_post(java.lang.String, java.lang.String, java.lang.String)[pri:0, instance:ddt.DataDrivenTestingEx01@65b3f4a4]" started-at="2020-09-20T14:15:58 IST" name="test_post" data-provider="dataForPost" finished-at="2020-09-20T14:16:00 IST" duration-ms="1938" status="PASS">
          <params>
            <param index="0">
              <value>
                <![CDATA[pds-paba]]>
              </value>
            </param>
            <param index="1">
              <value>
                <![CDATA[pds-paba]]>
              </value>
            </param>
            <param index="2">
              <value>
                <![CDATA[day_shift_D_2020-09-18]]>
              </value>
            </param>
          </params>
          <reporter-output>
          </reporter-output>
        </test-method> <!-- test_post -->
      </class> <!-- ddt.DataDrivenTestingEx01 -->
    </test> <!-- restAssuredTest -->
  </suite> <!-- All Test Suite -->
</testng-results>
