<?xml version="1.0" encoding="UTF-8"?>
<!-- Generated by org.testng.reporters.JUnitXMLReporter -->
<testsuite ignored="0" hostname="MSI" failures="0" tests="12" name="restAssuredTest" time="25.293" errors="0" timestamp="2020-09-20T14:16:00 IST">
  <testcase classname="ddt.DataDrivenTestingEx01" name="test_post" time="3.768"/>
  <testcase classname="ddt.DataDrivenTestingEx01" name="test_post" time="1.973"/>
  <testcase classname="ddt.DataDrivenTestingEx01" name="test_post" time="1.977"/>
  <testcase classname="ddt.DataDrivenTestingEx01" name="test_post" time="1.947"/>
  <testcase classname="ddt.DataDrivenTestingEx01" name="test_post" time="1.982"/>
  <testcase classname="ddt.DataDrivenTestingEx01" name="test_post" time="1.969"/>
  <testcase classname="ddt.DataDrivenTestingEx01" name="test_post" time="1.916"/>
  <testcase classname="ddt.DataDrivenTestingEx01" name="test_post" time="1.968"/>
  <testcase classname="ddt.DataDrivenTestingEx01" name="test_post" time="1.952"/>
  <testcase classname="ddt.DataDrivenTestingEx01" name="test_post" time="1.925"/>
  <testcase classname="ddt.DataDrivenTestingEx01" name="test_post" time="1.936"/>
  <testcase classname="ddt.DataDrivenTestingEx01" name="test_post" time="1.938"/>
</testsuite> <!-- restAssuredTest -->
