<?xml version="1.0" encoding="UTF-8"?>
<!-- Generated by org.testng.reporters.JUnitXMLReporter -->
<testsuite ignored="0" hostname="MSI" failures="0" tests="8" name="restAssuredTest" time="18.139" errors="0" timestamp="2020-09-20T13:06:58 IST">
  <testcase classname="ddt.DataDrivenTestingEx01" name="test_post" time="4.171"/>
  <testcase classname="ddt.DataDrivenTestingEx01" name="test_post" time="1.96"/>
  <testcase classname="ddt.DataDrivenTestingEx01" name="test_post" time="2.013"/>
  <testcase classname="ddt.DataDrivenTestingEx01" name="test_post" time="1.999"/>
  <testcase classname="ddt.DataDrivenTestingEx01" name="test_post" time="1.95"/>
  <testcase classname="ddt.DataDrivenTestingEx01" name="test_post" time="2.096"/>
  <testcase classname="ddt.DataDrivenTestingEx01" name="test_post" time="1.959"/>
  <testcase classname="ddt.DataDrivenTestingEx01" name="test_post" time="1.961"/>
</testsuite> <!-- restAssuredTest -->
